000 (726646.000.000) 2024-02-28 12:59:24 Job submitted from host: <147.156.116.133:9618?addrs=147.156.116.133-9618&alias=cm02.ific.uv.es&noUDP&sock=schedd_3094254_7416>
...
001 (726646.000.000) 2024-02-28 13:25:26 Job executing on host: <147.156.117.4:9618?addrs=147.156.117.4-9618+[2001-720-1014-41--a-b3]-9618&alias=mlwn24.ific.uv.es&noUDP&sock=startd_6145_8990>
...
006 (726646.000.000) 2024-02-28 13:25:35 Image size of job updated: 278892
	24  -  MemoryUsage of job (MB)
	24044  -  ResidentSetSize of job (KB)
...
006 (726646.000.000) 2024-02-28 13:26:16 Image size of job updated: 31590772
	24  -  MemoryUsage of job (MB)
	24044  -  ResidentSetSize of job (KB)
...
005 (726646.000.000) 2024-02-28 13:26:16 Job terminated.
	(1) Normal termination (return value 0)
		Usr 0 00:00:08, Sys 0 00:00:06  -  Run Remote Usage
		Usr 0 00:00:00, Sys 0 00:00:00  -  Run Local Usage
		Usr 0 00:00:08, Sys 0 00:00:06  -  Total Remote Usage
		Usr 0 00:00:00, Sys 0 00:00:00  -  Total Local Usage
	0  -  Run Bytes Sent By Job
	0  -  Run Bytes Received By Job
	0  -  Total Bytes Sent By Job
	0  -  Total Bytes Received By Job
	Partitionable Resources :    Usage  Request Allocated Assigned
	   Cpus                 :                 5         8 
	   Disk (KB)            :        1        1   1455778 
	   Gpus (Average)       :                 1         1 "GPU-5ea6776d"
	   Memory (MB)          :       24    10000     32768 

	Job terminated of its own accord at 2024-02-28T12:26:16Z.
...
