000 (726612.000.000) 2024-02-28 10:26:23 Job submitted from host: <147.156.116.133:9618?addrs=147.156.116.133-9618&alias=cm02.ific.uv.es&noUDP&sock=schedd_3094254_7416>
...
001 (726612.000.000) 2024-02-28 10:35:43 Job executing on host: <147.156.116.233:9618?addrs=147.156.116.233-9618&alias=mlwn22.ific.uv.es&noUDP&sock=startd_3438_c2b1>
...
006 (726612.000.000) 2024-02-28 10:35:52 Image size of job updated: 32832
	22  -  MemoryUsage of job (MB)
	22400  -  ResidentSetSize of job (KB)
...
006 (726612.000.000) 2024-02-28 10:36:38 Image size of job updated: 39655908
	22  -  MemoryUsage of job (MB)
	22400  -  ResidentSetSize of job (KB)
...
005 (726612.000.000) 2024-02-28 10:36:38 Job terminated.
	(1) Normal termination (return value 1)
		Usr 0 00:00:08, Sys 0 00:00:06  -  Run Remote Usage
		Usr 0 00:00:00, Sys 0 00:00:00  -  Run Local Usage
		Usr 0 00:00:08, Sys 0 00:00:06  -  Total Remote Usage
		Usr 0 00:00:00, Sys 0 00:00:00  -  Total Local Usage
	0  -  Run Bytes Sent By Job
	0  -  Run Bytes Received By Job
	0  -  Total Bytes Sent By Job
	0  -  Total Bytes Received By Job
	Partitionable Resources :    Usage  Request Allocated Assigned
	   Cpus                 :                 5        32 
	   Disk (KB)            :        1        1 380624274 
	   Gpus (Average)       :                 1         1 "GPU-f5334138"
	   Memory (MB)          :       22    10000    231250 

	Job terminated of its own accord at 2024-02-28T09:36:38Z.
...
