[2024-02-28 13:25:48,521] INFO: args:
 - ('regression_mode', False)
 - ('data_config', '/lhome/ific/f/fkellere/NEXT_Features-Copy1.yaml')
 - ('data_train', [])
 - ('data_val', [])
 - ('data_test', ['/lhome/ific/f/fkellere/GNN_datasets/PN_RealData/prep/next_*.root'])
 - ('data_fraction', 1)
 - ('file_fraction', 1)
 - ('fetch_by_files', False)
 - ('fetch_step', 0.01)
 - ('in_memory', False)
 - ('train_val_split', 0.8)
 - ('demo', False)
 - ('lr_finder', None)
 - ('tensorboard', None)
 - ('tensorboard_custom_fn', None)
 - ('network_config', 'top_tagging/networks/particlenet_pf.py')
 - ('network_option', [])
 - ('model_prefix', '/lhome/ific/f/fkellere/weaver-benchmark/weaver/output_PN_Marija_10mm_all/particlenet_best_epoch_state.pt')
 - ('num_epochs', 20)
 - ('steps_per_epoch', None)
 - ('steps_per_epoch_val', None)
 - ('optimizer', 'ranger')
 - ('optimizer_option', [])
 - ('lr_scheduler', 'flat+decay')
 - ('load_epoch', None)
 - ('start_lr', 0.005)
 - ('batch_size', 1024)
 - ('use_amp', False)
 - ('gpus', '0')
 - ('num_workers', 1)
 - ('predict', True)
 - ('predict_output', 'output_PN_Marija_10mm_all/particlenet_predict_data.root')
 - ('export_onnx', None)
 - ('io_test', False)
 - ('copy_inputs', False)
 - ('log', '')
 - ('print', False)
 - ('profile', False)
[2024-02-28 13:25:48,522] INFO: Running in classification mode
[2024-02-28 13:25:54,931] INFO: preprocess config: {'method': 'manual', 'data_fraction': None, 'params': None}
[2024-02-28 13:25:54,932] INFO: selection: None
[2024-02-28 13:25:54,932] INFO: test_time_selection: None
[2024-02-28 13:25:54,932] INFO: var_funcs:
 - ('pf_mask', 'awkward.JaggedArray.ones_like(Part_E)')
 - ('is_bkg', 'np.logical_not(is_signal)')
 - ('_label_', 'np.stack([is_signal,is_bkg], axis=1).argmax(1)')
[2024-02-28 13:25:54,932] INFO: input_names: ('pf_points', 'pf_features', 'pf_mask')
[2024-02-28 13:25:54,932] INFO: input_dicts:
 - ('pf_points', ['Part_Xbin', 'Part_Ybin', 'Part_Zbin'])
 - ('pf_features', ['Part_E', 'Part_Xbin', 'Part_Ybin', 'Part_Zbin'])
 - ('pf_mask', ['pf_mask'])
[2024-02-28 13:25:54,932] INFO: input_shapes:
 - ('pf_points', (-1, 3, 150))
 - ('pf_features', (-1, 4, 150))
 - ('pf_mask', (-1, 1, 150))
[2024-02-28 13:25:54,932] INFO: preprocess_params:
 - ('Part_Xbin', {'length': 150, 'pad_mode': 'constant', 'center': None, 'scale': 1, 'min': -5, 'max': 5, 'pad_value': 0})
 - ('Part_Ybin', {'length': 150, 'pad_mode': 'constant', 'center': None, 'scale': 1, 'min': -5, 'max': 5, 'pad_value': 0})
 - ('Part_Zbin', {'length': 150, 'pad_mode': 'constant', 'center': None, 'scale': 1, 'min': -5, 'max': 5, 'pad_value': 0})
 - ('Part_E', {'length': 150, 'pad_mode': 'constant', 'center': None, 'scale': 1, 'min': -5, 'max': 5, 'pad_value': 0})
 - ('pf_mask', {'length': 150, 'pad_mode': 'constant', 'center': None, 'scale': 1, 'min': -5, 'max': 5, 'pad_value': 0})
[2024-02-28 13:25:54,932] INFO: label_names: ('_label_',)
[2024-02-28 13:25:54,932] INFO: observer_names: ('E_tot',)
[2024-02-28 13:25:54,932] INFO: monitor_variables: ()
[2024-02-28 13:25:54,995] INFO: Network options: {}
[2024-02-28 13:25:55,116] INFO: Warning: module FeatureConv is treated as a zero-op.
[2024-02-28 13:25:55,116] INFO: Warning: module EdgeConvBlock is treated as a zero-op.
[2024-02-28 13:25:55,117] INFO: Warning: module Dropout is treated as a zero-op.
[2024-02-28 13:25:55,117] INFO: Warning: module ParticleNet is treated as a zero-op.
[2024-02-28 13:25:55,117] INFO: Warning: module ParticleNetTagger1Path is treated as a zero-op.
[2024-02-28 13:25:55,619] INFO: ParticleNetTagger1Path(
  |0.577 M, 100.000% Params, 0.662 GMac, 100.000% MACs|
  (pf_conv): FeatureConv(
    |0.0 M, 0.035% Params, 0.0 GMac, 0.005% MACs|
    (conv): Sequential(
      |0.0 M, 0.035% Params, 0.0 GMac, 0.005% MACs|
      (0): BatchNorm1d(4, eps=1e-05, momentum=0.1, affine=True, track_running_stats=True, |0.0 M, 0.001% Params, 0.0 GMac, 0.000% MACs|)
      (1): Conv1d(4, 32, kernel_size=(1,), stride=(1,), bias=False, |0.0 M, 0.022% Params, 0.0 GMac, 0.003% MACs|)
      (2): BatchNorm1d(32, eps=1e-05, momentum=0.1, affine=True, track_running_stats=True, |0.0 M, 0.011% Params, 0.0 GMac, 0.001% MACs|)
      (3): ReLU(|0.0 M, 0.000% Params, 0.0 GMac, 0.001% MACs|)
    )
  )
  (pn): ParticleNet(
    |0.577 M, 99.965% Params, 0.662 GMac, 99.995% MACs|
    (edge_convs): ModuleList(
      |0.305 M, 52.823% Params, 0.636 GMac, 96.054% MACs|
      (0): EdgeConvBlock(
        |0.015 M, 2.575% Params, 0.031 GMac, 4.716% MACs|
        (convs): ModuleList(
          |0.012 M, 2.131% Params, 0.029 GMac, 4.457% MACs|
          (0): Conv2d(64, 64, kernel_size=(1, 1), stride=(1, 1), bias=False, |0.004 M, 0.710% Params, 0.01 GMac, 1.486% MACs|)
          (1): Conv2d(64, 64, kernel_size=(1, 1), stride=(1, 1), bias=False, |0.004 M, 0.710% Params, 0.01 GMac, 1.486% MACs|)
          (2): Conv2d(64, 64, kernel_size=(1, 1), stride=(1, 1), bias=False, |0.004 M, 0.710% Params, 0.01 GMac, 1.486% MACs|)
        )
        (bns): ModuleList(
          |0.0 M, 0.067% Params, 0.001 GMac, 0.139% MACs|
          (0): BatchNorm2d(64, eps=1e-05, momentum=0.1, affine=True, track_running_stats=True, |0.0 M, 0.022% Params, 0.0 GMac, 0.046% MACs|)
          (1): BatchNorm2d(64, eps=1e-05, momentum=0.1, affine=True, track_running_stats=True, |0.0 M, 0.022% Params, 0.0 GMac, 0.046% MACs|)
          (2): BatchNorm2d(64, eps=1e-05, momentum=0.1, affine=True, track_running_stats=True, |0.0 M, 0.022% Params, 0.0 GMac, 0.046% MACs|)
        )
        (acts): ModuleList(
          |0.0 M, 0.000% Params, 0.0 GMac, 0.070% MACs|
          (0): ReLU(|0.0 M, 0.000% Params, 0.0 GMac, 0.023% MACs|)
          (1): ReLU(|0.0 M, 0.000% Params, 0.0 GMac, 0.023% MACs|)
          (2): ReLU(|0.0 M, 0.000% Params, 0.0 GMac, 0.023% MACs|)
        )
        (sc): Conv1d(32, 64, kernel_size=(1,), stride=(1,), bias=False, |0.002 M, 0.355% Params, 0.0 GMac, 0.046% MACs|)
        (sc_bn): BatchNorm1d(64, eps=1e-05, momentum=0.1, affine=True, track_running_stats=True, |0.0 M, 0.022% Params, 0.0 GMac, 0.003% MACs|)
        (sc_act): ReLU(|0.0 M, 0.000% Params, 0.0 GMac, 0.001% MACs|)
      )
      (1): EdgeConvBlock(
        |0.058 M, 10.121% Params, 0.122 GMac, 18.438% MACs|
        (convs): ModuleList(
          |0.049 M, 8.523% Params, 0.118 GMac, 17.826% MACs|
          (0): Conv2d(128, 128, kernel_size=(1, 1), stride=(1, 1), bias=False, |0.016 M, 2.841% Params, 0.039 GMac, 5.942% MACs|)
          (1): Conv2d(128, 128, kernel_size=(1, 1), stride=(1, 1), bias=False, |0.016 M, 2.841% Params, 0.039 GMac, 5.942% MACs|)
          (2): Conv2d(128, 128, kernel_size=(1, 1), stride=(1, 1), bias=False, |0.016 M, 2.841% Params, 0.039 GMac, 5.942% MACs|)
        )
        (bns): ModuleList(
          |0.001 M, 0.133% Params, 0.002 GMac, 0.279% MACs|
          (0): BatchNorm2d(128, eps=1e-05, momentum=0.1, affine=True, track_running_stats=True, |0.0 M, 0.044% Params, 0.001 GMac, 0.093% MACs|)
          (1): BatchNorm2d(128, eps=1e-05, momentum=0.1, affine=True, track_running_stats=True, |0.0 M, 0.044% Params, 0.001 GMac, 0.093% MACs|)
          (2): BatchNorm2d(128, eps=1e-05, momentum=0.1, affine=True, track_running_stats=True, |0.0 M, 0.044% Params, 0.001 GMac, 0.093% MACs|)
        )
        (acts): ModuleList(
          |0.0 M, 0.000% Params, 0.001 GMac, 0.139% MACs|
          (0): ReLU(|0.0 M, 0.000% Params, 0.0 GMac, 0.046% MACs|)
          (1): ReLU(|0.0 M, 0.000% Params, 0.0 GMac, 0.046% MACs|)
          (2): ReLU(|0.0 M, 0.000% Params, 0.0 GMac, 0.046% MACs|)
        )
        (sc): Conv1d(64, 128, kernel_size=(1,), stride=(1,), bias=False, |0.008 M, 1.420% Params, 0.001 GMac, 0.186% MACs|)
        (sc_bn): BatchNorm1d(128, eps=1e-05, momentum=0.1, affine=True, track_running_stats=True, |0.0 M, 0.044% Params, 0.0 GMac, 0.006% MACs|)
        (sc_act): ReLU(|0.0 M, 0.000% Params, 0.0 GMac, 0.003% MACs|)
      )
      (2): EdgeConvBlock(
        |0.231 M, 40.128% Params, 0.482 GMac, 72.900% MACs|
        (convs): ModuleList(
          |0.197 M, 34.091% Params, 0.472 GMac, 71.304% MACs|
          (0): Conv2d(256, 256, kernel_size=(1, 1), stride=(1, 1), bias=False, |0.066 M, 11.364% Params, 0.157 GMac, 23.768% MACs|)
          (1): Conv2d(256, 256, kernel_size=(1, 1), stride=(1, 1), bias=False, |0.066 M, 11.364% Params, 0.157 GMac, 23.768% MACs|)
          (2): Conv2d(256, 256, kernel_size=(1, 1), stride=(1, 1), bias=False, |0.066 M, 11.364% Params, 0.157 GMac, 23.768% MACs|)
        )
        (bns): ModuleList(
          |0.002 M, 0.266% Params, 0.004 GMac, 0.557% MACs|
          (0): BatchNorm2d(256, eps=1e-05, momentum=0.1, affine=True, track_running_stats=True, |0.001 M, 0.089% Params, 0.001 GMac, 0.186% MACs|)
          (1): BatchNorm2d(256, eps=1e-05, momentum=0.1, affine=True, track_running_stats=True, |0.001 M, 0.089% Params, 0.001 GMac, 0.186% MACs|)
          (2): BatchNorm2d(256, eps=1e-05, momentum=0.1, affine=True, track_running_stats=True, |0.001 M, 0.089% Params, 0.001 GMac, 0.186% MACs|)
        )
        (acts): ModuleList(
          |0.0 M, 0.000% Params, 0.002 GMac, 0.279% MACs|
          (0): ReLU(|0.0 M, 0.000% Params, 0.001 GMac, 0.093% MACs|)
          (1): ReLU(|0.0 M, 0.000% Params, 0.001 GMac, 0.093% MACs|)
          (2): ReLU(|0.0 M, 0.000% Params, 0.001 GMac, 0.093% MACs|)
        )
        (sc): Conv1d(128, 256, kernel_size=(1,), stride=(1,), bias=False, |0.033 M, 5.682% Params, 0.005 GMac, 0.743% MACs|)
        (sc_bn): BatchNorm1d(256, eps=1e-05, momentum=0.1, affine=True, track_running_stats=True, |0.001 M, 0.089% Params, 0.0 GMac, 0.012% MACs|)
        (sc_act): ReLU(|0.0 M, 0.000% Params, 0.0 GMac, 0.006% MACs|)
      )
    )
    (fusion_block): Sequential(
      |0.173 M, 29.963% Params, 0.026 GMac, 3.926% MACs|
      (0): Conv1d(448, 384, kernel_size=(1,), stride=(1,), bias=False, |0.172 M, 29.830% Params, 0.026 GMac, 3.899% MACs|)
      (1): BatchNorm1d(384, eps=1e-05, momentum=0.1, affine=True, track_running_stats=True, |0.001 M, 0.133% Params, 0.0 GMac, 0.017% MACs|)
      (2): ReLU(|0.0 M, 0.000% Params, 0.0 GMac, 0.009% MACs|)
    )
    (fc): Sequential(
      |0.099 M, 17.179% Params, 0.0 GMac, 0.015% MACs|
      (0): Sequential(
        |0.099 M, 17.090% Params, 0.0 GMac, 0.015% MACs|
        (0): Linear(in_features=384, out_features=256, bias=True, |0.099 M, 17.090% Params, 0.0 GMac, 0.015% MACs|)
        (1): ReLU(|0.0 M, 0.000% Params, 0.0 GMac, 0.000% MACs|)
        (2): Dropout(p=0.1, inplace=False, |0.0 M, 0.000% Params, 0.0 GMac, 0.000% MACs|)
      )
      (1): Linear(in_features=256, out_features=2, bias=True, |0.001 M, 0.089% Params, 0.0 GMac, 0.000% MACs|)
    )
  )
)
[2024-02-28 13:25:55,624] INFO: Computational complexity:       0.66 GMac
[2024-02-28 13:25:55,624] INFO: Number of parameters:           576.71 k
[2024-02-28 13:26:00,119] INFO: Loading model /lhome/ific/f/fkellere/weaver-benchmark/weaver/output_PN_Marija_10mm_all/particlenet_best_epoch_state.pt for eval
[2024-02-28 13:26:00,157] INFO: Running on test file group  with 4 files:
.../lhome/ific/f/fkellere/GNN_datasets/PN_RealData/prep/next_test_0.root
.../lhome/ific/f/fkellere/GNN_datasets/PN_RealData/prep/next_train_0.root
.../lhome/ific/f/fkellere/GNN_datasets/PN_RealData/prep/next_train_1.root
.../lhome/ific/f/fkellere/GNN_datasets/PN_RealData/prep/next_val_0.root
[2024-02-28 13:26:00,162] INFO: preprocess config: {'method': 'manual', 'data_fraction': None, 'params': None}
[2024-02-28 13:26:00,162] INFO: selection: None
[2024-02-28 13:26:00,162] INFO: test_time_selection: None
[2024-02-28 13:26:00,162] INFO: var_funcs:
 - ('pf_mask', 'awkward.JaggedArray.ones_like(Part_E)')
 - ('is_bkg', 'np.logical_not(is_signal)')
 - ('_label_', 'np.stack([is_signal,is_bkg], axis=1).argmax(1)')
[2024-02-28 13:26:00,163] INFO: input_names: ('pf_points', 'pf_features', 'pf_mask')
[2024-02-28 13:26:00,163] INFO: input_dicts:
 - ('pf_points', ['Part_Xbin', 'Part_Ybin', 'Part_Zbin'])
 - ('pf_features', ['Part_E', 'Part_Xbin', 'Part_Ybin', 'Part_Zbin'])
 - ('pf_mask', ['pf_mask'])
[2024-02-28 13:26:00,163] INFO: input_shapes:
 - ('pf_points', (-1, 3, 150))
 - ('pf_features', (-1, 4, 150))
 - ('pf_mask', (-1, 1, 150))
[2024-02-28 13:26:00,163] INFO: preprocess_params:
 - ('Part_Xbin', {'length': 150, 'pad_mode': 'constant', 'center': None, 'scale': 1, 'min': -5, 'max': 5, 'pad_value': 0})
 - ('Part_Ybin', {'length': 150, 'pad_mode': 'constant', 'center': None, 'scale': 1, 'min': -5, 'max': 5, 'pad_value': 0})
 - ('Part_Zbin', {'length': 150, 'pad_mode': 'constant', 'center': None, 'scale': 1, 'min': -5, 'max': 5, 'pad_value': 0})
 - ('Part_E', {'length': 150, 'pad_mode': 'constant', 'center': None, 'scale': 1, 'min': -5, 'max': 5, 'pad_value': 0})
 - ('pf_mask', {'length': 150, 'pad_mode': 'constant', 'center': None, 'scale': 1, 'min': -5, 'max': 5, 'pad_value': 0})
[2024-02-28 13:26:00,163] INFO: label_names: ('_label_',)
[2024-02-28 13:26:00,163] INFO: observer_names: ('E_tot',)
[2024-02-28 13:26:00,163] INFO: monitor_variables: ()
[2024-02-28 13:26:14,543] INFO: Processed 21113 entries in total (avg. speed 1468.3 entries/s)
[2024-02-28 13:26:14,543] INFO: Evaluation class distribution: 
    [(1, 21113)]
[2024-02-28 13:26:14,544] ERROR: Only one class present in y_true. ROC AUC score is not defined in that case.
[2024-02-28 13:26:14,594] ERROR: Only one class present in y_true. ROC AUC score is not defined in that case.
[2024-02-28 13:26:14,637] INFO: Evaluation metrics: 
    - roc_auc_score: 
None
    - roc_auc_score_matrix: 
None
    - confusion_matrix: 
[[0.         0.        ]
 [0.48297258 0.51702742]]
[2024-02-28 13:26:14,637] INFO: [1mTest metric 0.51703[0m
[2024-02-28 13:26:14,805] INFO: [1mWritten output to output_PN_Marija_10mm_all/particlenet_predict_data.root[0m
